<?xml version="1.0" encoding="UTF-8"?>
<!-- Generated by org.testng.reporters.JUnitXMLReporter -->
<testsuite ignored="0" hostname="VIGNESHRAJIV" failures="0" tests="4" name="Default test" time="221.475" errors="0" timestamp="2022-09-17T10:52:32 IST">
  <testcase classname="vtiger.OrgonizationTests.CreateMultipleOrgWithIndustryTest" name="createOrgonizationTest" time="37.37"/>
  <testcase classname="vtiger.OrgonizationTests.CreateMultipleOrgWithIndustryTest" name="createOrgonizationTest" time="31.192"/>
  <testcase classname="vtiger.OrgonizationTests.CreateMultipleOrgWithIndustryTest" name="createOrgonizationTest" time="36.298"/>
  <testcase classname="vtiger.OrgonizationTests.CreateMultipleOrgWithIndustryTest" name="createOrgonizationTest" time="31.185"/>
</testsuite> <!-- Default test -->
