<?xml version="1.0" encoding="UTF-8"?>
<testng-results ignored="0" total="4" passed="4" failed="0" skipped="0">
  <reporter-output>
    <line>
      <![CDATA[---Database connected successfully---]]>
    </line>
    <line>
      <![CDATA[---BrowserFirefox is launched]]>
    </line>
    <line>
      <![CDATA[---Login successfull---]]>
    </line>
    <line>
      <![CDATA[Organization link clicked]]>
    </line>
    <line>
      <![CDATA[New Organization created]]>
    </line>
    <line>
      <![CDATA[---Sign out successfull---]]>
    </line>
    <line>
      <![CDATA[---Login successfull---]]>
    </line>
    <line>
      <![CDATA[Organization link clicked]]>
    </line>
    <line>
      <![CDATA[New Organization created]]>
    </line>
    <line>
      <![CDATA[---Sign out successfull---]]>
    </line>
    <line>
      <![CDATA[---Login successfull---]]>
    </line>
    <line>
      <![CDATA[Organization link clicked]]>
    </line>
    <line>
      <![CDATA[New Organization created]]>
    </line>
    <line>
      <![CDATA[---Sign out successfull---]]>
    </line>
    <line>
      <![CDATA[---Login successfull---]]>
    </line>
    <line>
      <![CDATA[Organization link clicked]]>
    </line>
    <line>
      <![CDATA[New Organization created]]>
    </line>
    <line>
      <![CDATA[---Sign out successfull---]]>
    </line>
    <line>
      <![CDATA[---Browser closed successfully---]]>
    </line>
    <line>
      <![CDATA[---Database closed successfully---]]>
    </line>
  </reporter-output>
  <suite started-at="2022-09-17T10:48:49 IST" name="Default suite" finished-at="2022-09-17T10:52:31 IST" duration-ms="221475">
    <groups>
      <group name="SmokeSuite">
        <method signature="CreateMultipleOrgWithIndustryTest.createOrgonizationTest(java.lang.String,java.lang.String)[pri:0, instance:vtiger.OrgonizationTests.CreateMultipleOrgWithIndustryTest@8dbdac1]" name="createOrgonizationTest" class="vtiger.OrgonizationTests.CreateMultipleOrgWithIndustryTest"/>
      </group> <!-- SmokeSuite -->
    </groups>
    <test started-at="2022-09-17T10:48:49 IST" name="Default test" finished-at="2022-09-17T10:52:31 IST" duration-ms="221475">
      <class name="vtiger.OrgonizationTests.CreateMultipleOrgWithIndustryTest">
        <test-method is-config="true" signature="bsConfig()[pri:0, instance:vtiger.OrgonizationTests.CreateMultipleOrgWithIndustryTest@8dbdac1]" started-at="2022-09-17T10:48:49 IST" name="bsConfig" finished-at="2022-09-17T10:48:49 IST" duration-ms="59" status="PASS">
          <reporter-output>
            <line>
              <![CDATA[---Database connected successfully---]]>
            </line>
          </reporter-output>
        </test-method> <!-- bsConfig -->
        <test-method is-config="true" signature="bcConfig()[pri:0, instance:vtiger.OrgonizationTests.CreateMultipleOrgWithIndustryTest@8dbdac1]" started-at="2022-09-17T10:48:51 IST" name="bcConfig" finished-at="2022-09-17T10:49:19 IST" duration-ms="28526" status="PASS">
          <reporter-output>
            <line>
              <![CDATA[---BrowserFirefox is launched]]>
            </line>
          </reporter-output>
        </test-method> <!-- bcConfig -->
        <test-method is-config="true" signature="bmConfig()[pri:0, instance:vtiger.OrgonizationTests.CreateMultipleOrgWithIndustryTest@8dbdac1]" started-at="2022-09-17T10:49:24 IST" name="bmConfig" finished-at="2022-09-17T10:49:30 IST" duration-ms="5906" status="PASS">
          <reporter-output>
            <line>
              <![CDATA[---Login successfull---]]>
            </line>
          </reporter-output>
        </test-method> <!-- bmConfig -->
        <test-method signature="createOrgonizationTest(java.lang.String,java.lang.String)[pri:0, instance:vtiger.OrgonizationTests.CreateMultipleOrgWithIndustryTest@8dbdac1]" started-at="2022-09-17T10:49:30 IST" name="createOrgonizationTest" data-provider="orgData" finished-at="2022-09-17T10:50:08 IST" duration-ms="37370" status="PASS">
          <params>
            <param index="0">
              <value>
                <![CDATA[Vivo]]>
              </value>
            </param>
            <param index="1">
              <value>
                <![CDATA[Banking]]>
              </value>
            </param>
          </params>
          <reporter-output>
            <line>
              <![CDATA[Organization link clicked]]>
            </line>
            <line>
              <![CDATA[New Organization created]]>
            </line>
          </reporter-output>
        </test-method> <!-- createOrgonizationTest -->
        <test-method is-config="true" signature="amConfig()[pri:0, instance:vtiger.OrgonizationTests.CreateMultipleOrgWithIndustryTest@8dbdac1]" started-at="2022-09-17T10:50:08 IST" name="amConfig" finished-at="2022-09-17T10:50:14 IST" duration-ms="6112" status="PASS">
          <reporter-output>
            <line>
              <![CDATA[---Sign out successfull---]]>
            </line>
          </reporter-output>
        </test-method> <!-- amConfig -->
        <test-method is-config="true" signature="bmConfig()[pri:0, instance:vtiger.OrgonizationTests.CreateMultipleOrgWithIndustryTest@8dbdac1]" started-at="2022-09-17T10:50:14 IST" name="bmConfig" finished-at="2022-09-17T10:50:20 IST" duration-ms="5767" status="PASS">
          <reporter-output>
            <line>
              <![CDATA[---Login successfull---]]>
            </line>
          </reporter-output>
        </test-method> <!-- bmConfig -->
        <test-method signature="createOrgonizationTest(java.lang.String,java.lang.String)[pri:0, instance:vtiger.OrgonizationTests.CreateMultipleOrgWithIndustryTest@8dbdac1]" started-at="2022-09-17T10:50:20 IST" name="createOrgonizationTest" data-provider="orgData" finished-at="2022-09-17T10:50:51 IST" duration-ms="31192" status="PASS">
          <params>
            <param index="0">
              <value>
                <![CDATA[Honor]]>
              </value>
            </param>
            <param index="1">
              <value>
                <![CDATA[Apparel]]>
              </value>
            </param>
          </params>
          <reporter-output>
            <line>
              <![CDATA[Organization link clicked]]>
            </line>
            <line>
              <![CDATA[New Organization created]]>
            </line>
          </reporter-output>
        </test-method> <!-- createOrgonizationTest -->
        <test-method is-config="true" signature="amConfig()[pri:0, instance:vtiger.OrgonizationTests.CreateMultipleOrgWithIndustryTest@8dbdac1]" started-at="2022-09-17T10:50:51 IST" name="amConfig" finished-at="2022-09-17T10:50:56 IST" duration-ms="5771" status="PASS">
          <reporter-output>
            <line>
              <![CDATA[---Sign out successfull---]]>
            </line>
          </reporter-output>
        </test-method> <!-- amConfig -->
        <test-method is-config="true" signature="bmConfig()[pri:0, instance:vtiger.OrgonizationTests.CreateMultipleOrgWithIndustryTest@8dbdac1]" started-at="2022-09-17T10:50:56 IST" name="bmConfig" finished-at="2022-09-17T10:51:02 IST" duration-ms="5899" status="PASS">
          <reporter-output>
            <line>
              <![CDATA[---Login successfull---]]>
            </line>
          </reporter-output>
        </test-method> <!-- bmConfig -->
        <test-method signature="createOrgonizationTest(java.lang.String,java.lang.String)[pri:0, instance:vtiger.OrgonizationTests.CreateMultipleOrgWithIndustryTest@8dbdac1]" started-at="2022-09-17T10:51:02 IST" name="createOrgonizationTest" data-provider="orgData" finished-at="2022-09-17T10:51:39 IST" duration-ms="36298" status="PASS">
          <params>
            <param index="0">
              <value>
                <![CDATA[Wibro]]>
              </value>
            </param>
            <param index="1">
              <value>
                <![CDATA[Chemicals]]>
              </value>
            </param>
          </params>
          <reporter-output>
            <line>
              <![CDATA[Organization link clicked]]>
            </line>
            <line>
              <![CDATA[New Organization created]]>
            </line>
          </reporter-output>
        </test-method> <!-- createOrgonizationTest -->
        <test-method is-config="true" signature="amConfig()[pri:0, instance:vtiger.OrgonizationTests.CreateMultipleOrgWithIndustryTest@8dbdac1]" started-at="2022-09-17T10:51:39 IST" name="amConfig" finished-at="2022-09-17T10:51:44 IST" duration-ms="5760" status="PASS">
          <reporter-output>
            <line>
              <![CDATA[---Sign out successfull---]]>
            </line>
          </reporter-output>
        </test-method> <!-- amConfig -->
        <test-method is-config="true" signature="bmConfig()[pri:0, instance:vtiger.OrgonizationTests.CreateMultipleOrgWithIndustryTest@8dbdac1]" started-at="2022-09-17T10:51:44 IST" name="bmConfig" finished-at="2022-09-17T10:51:50 IST" duration-ms="5711" status="PASS">
          <reporter-output>
            <line>
              <![CDATA[---Login successfull---]]>
            </line>
          </reporter-output>
        </test-method> <!-- bmConfig -->
        <test-method signature="createOrgonizationTest(java.lang.String,java.lang.String)[pri:0, instance:vtiger.OrgonizationTests.CreateMultipleOrgWithIndustryTest@8dbdac1]" started-at="2022-09-17T10:51:50 IST" name="createOrgonizationTest" data-provider="orgData" finished-at="2022-09-17T10:52:21 IST" duration-ms="31185" status="PASS">
          <params>
            <param index="0">
              <value>
                <![CDATA[Tata]]>
              </value>
            </param>
            <param index="1">
              <value>
                <![CDATA[Communications]]>
              </value>
            </param>
          </params>
          <reporter-output>
            <line>
              <![CDATA[Organization link clicked]]>
            </line>
            <line>
              <![CDATA[New Organization created]]>
            </line>
          </reporter-output>
        </test-method> <!-- createOrgonizationTest -->
        <test-method is-config="true" signature="amConfig()[pri:0, instance:vtiger.OrgonizationTests.CreateMultipleOrgWithIndustryTest@8dbdac1]" started-at="2022-09-17T10:52:21 IST" name="amConfig" finished-at="2022-09-17T10:52:27 IST" duration-ms="6025" status="PASS">
          <reporter-output>
            <line>
              <![CDATA[---Sign out successfull---]]>
            </line>
          </reporter-output>
        </test-method> <!-- amConfig -->
        <test-method is-config="true" signature="acConfig()[pri:0, instance:vtiger.OrgonizationTests.CreateMultipleOrgWithIndustryTest@8dbdac1]" started-at="2022-09-17T10:52:27 IST" name="acConfig" finished-at="2022-09-17T10:52:31 IST" duration-ms="3245" status="PASS">
          <reporter-output>
            <line>
              <![CDATA[---Browser closed successfully---]]>
            </line>
          </reporter-output>
        </test-method> <!-- acConfig -->
        <test-method is-config="true" signature="asConfig()[pri:0, instance:vtiger.OrgonizationTests.CreateMultipleOrgWithIndustryTest@8dbdac1]" started-at="2022-09-17T10:52:32 IST" name="asConfig" finished-at="2022-09-17T10:52:32 IST" duration-ms="3" status="PASS">
          <reporter-output>
            <line>
              <![CDATA[---Database closed successfully---]]>
            </line>
          </reporter-output>
        </test-method> <!-- asConfig -->
      </class> <!-- vtiger.OrgonizationTests.CreateMultipleOrgWithIndustryTest -->
    </test> <!-- Default test -->
  </suite> <!-- Default suite -->
</testng-results>
